<?xml version="1.0" encoding="UTF-8"?>
<testsuite xmlns:xsi="http://www.w3.org/2001/XMLSchema-instance" xsi:noNamespaceSchemaLocation="https://maven.apache.org/surefire/maven-surefire-plugin/xsd/surefire-test-report.xsd" version="3.0.2" name="com.example.ImageEncryption.ImageEncryptionApplicationTests" time="12.688" tests="1" errors="0" skipped="0" failures="0">
  <properties>
[...]
</properties>
  <testcase name="contextLoads" classname="com.example.ImageEncryption.ImageEncryptionApplicationTests" time="1.59">
    <system-out><![CDATA[16:19:07.423 [main] INFO org.springframework.test.context.support.AnnotationConfigContextLoaderUtils -- Could not detect default configuration classes for test class [com.example.ImageEncryption.ImageEncryptionApplicationTests]: ImageEncryptionApplicationTests does not declare any static, non-private, non-final, nested classes annotated with @Configuration.
16:19:07.790 [main] INFO org.springframework.boot.test.context.SpringBootTestContextBootstrapper -- Found @SpringBootConfiguration com.example.ImageEncryption.ImageEncryptionApplication for test class com.example.ImageEncryption.ImageEncryptionApplicationTests

  .   ____          _            __ _ _
 /\\ / ___'_ __ _ _(_)_ __  __ _ \ \ \ \
( ( )\___ | '_ | '_| | '_ \/ _` | \ \ \ \
 \\/  ___)| |_)| | | | | || (_| |  ) ) ) )
  '  |____| .__|_| |_|_| |_\__, | / / / /
 =========|_|==============|___/=/_/_/_/

 :: Spring Boot ::                (v3.4.4)

2025-03-31T16:19:09.229+05:30  INFO 6240 --- [ImageEncryption] [           main] c.e.I.ImageEncryptionApplicationTests    : Starting ImageEncryptionApplicationTests using Java 17.0.10 with PID 6240 (started by gts in C:\Users\gts\Downloads\ImageEncryption\ImageEncryption)
2025-03-31T16:19:09.233+05:30  INFO 6240 --- [ImageEncryption] [           main] c.e.I.ImageEncryptionApplicationTests    : No active profile set, falling back to 1 default profile: "default"
2025-03-31T16:19:12.138+05:30  INFO 6240 --- [ImageEncryption] [           main] .s.d.r.c.RepositoryConfigurationDelegate : Bootstrapping Spring Data JPA repositories in DEFAULT mode.
2025-03-31T16:19:12.198+05:30  INFO 6240 --- [ImageEncryption] [           main] .s.d.r.c.RepositoryConfigurationDelegate : Finished Spring Data repository scanning in 28 ms. Found 0 JPA repository interfaces.
2025-03-31T16:19:13.310+05:30  INFO 6240 --- [ImageEncryption] [           main] o.hibernate.jpa.internal.util.LogHelper  : HHH000204: Processing PersistenceUnitInfo [name: default]
2025-03-31T16:19:13.667+05:30  INFO 6240 --- [ImageEncryption] [           main] org.hibernate.Version                    : HHH000412: Hibernate ORM core version 6.6.11.Final
2025-03-31T16:19:13.773+05:30  INFO 6240 --- [ImageEncryption] [           main] o.h.c.internal.RegionFactoryInitiator    : HHH000026: Second-level cache disabled
2025-03-31T16:19:14.448+05:30  INFO 6240 --- [ImageEncryption] [           main] o.s.o.j.p.SpringPersistenceUnitInfo      : No LoadTimeWeaver setup: ignoring JPA class transformer
2025-03-31T16:19:14.517+05:30  INFO 6240 --- [ImageEncryption] [           main] com.zaxxer.hikari.HikariDataSource       : HikariPool-1 - Starting...
2025-03-31T16:19:15.110+05:30  INFO 6240 --- [ImageEncryption] [           main] com.zaxxer.hikari.pool.HikariPool        : HikariPool-1 - Added connection com.mysql.cj.jdbc.ConnectionImpl@218df7d6
2025-03-31T16:19:15.114+05:30  INFO 6240 --- [ImageEncryption] [           main] com.zaxxer.hikari.HikariDataSource       : HikariPool-1 - Start completed.
2025-03-31T16:19:15.329+05:30  INFO 6240 --- [ImageEncryption] [           main] org.hibernate.orm.connections.pooling    : HHH10001005: Database info:
	Database JDBC URL [Connecting through datasource 'HikariDataSource (HikariPool-1)']
	Database driver: undefined/unknown
	Database version: 8.0.34
	Autocommit mode: undefined/unknown
	Isolation level: undefined/unknown
	Minimum pool size: undefined/unknown
	Maximum pool size: undefined/unknown
2025-03-31T16:19:16.331+05:30  INFO 6240 --- [ImageEncryption] [           main] o.h.e.t.j.p.i.JtaPlatformInitiator       : HHH000489: No JTA platform available (set 'hibernate.transaction.jta.platform' to enable JTA platform integration)
2025-03-31T16:19:16.342+05:30  INFO 6240 --- [ImageEncryption] [           main] j.LocalContainerEntityManagerFactoryBean : Initialized JPA EntityManagerFactory for persistence unit 'default'
2025-03-31T16:19:16.759+05:30  WARN 6240 --- [ImageEncryption] [           main] JpaBaseConfiguration$JpaWebConfiguration : spring.jpa.open-in-view is enabled by default. Therefore, database queries may be performed during view rendering. Explicitly configure spring.jpa.open-in-view to disable this warning
2025-03-31T16:19:17.555+05:30  WARN 6240 --- [ImageEncryption] [           main] ion$DefaultTemplateResolverConfiguration : Cannot find template location: classpath:/templates/ (please add some templates, check your Thymeleaf configuration, or set spring.thymeleaf.check-template-location=false)
2025-03-31T16:19:18.054+05:30  INFO 6240 --- [ImageEncryption] [           main] c.e.I.ImageEncryptionApplicationTests    : Started ImageEncryptionApplicationTests in 9.837 seconds (process running for 12.442)
]]></system-out>
  </testcase>
</testsuite>